2025-10-19 02:36:15,432 - app.logger - INFO - [client:10] - Connecting to MongoDB at mongodb://localhost:27017/...
2025-10-19 02:36:15,449 - app.logger - INFO - [client:12] - MongoDB client initialized.
2025-10-19 03:26:07,630 - app.logger - INFO - [client:22] - MongoDB connection closed.
2025-10-19 03:30:11,952 - app.logger - INFO - [client:10] - Connecting to MongoDB at mongodb://localhost:27017/...
2025-10-19 03:30:11,964 - app.logger - INFO - [client:12] - MongoDB client initialized.
2025-10-19 20:28:41,033 - app.logger - INFO - [client:10] - Connecting to MongoDB at mongodb://localhost:27017/...
2025-10-19 20:28:41,051 - app.logger - INFO - [client:12] - MongoDB client initialized.
2025-10-19 20:54:30,036 - app.logger - INFO - [client:22] - MongoDB connection closed.
2025-10-19 20:54:44,034 - app.logger - INFO - [client:10] - Connecting to MongoDB at mongodb://localhost:27017/...
2025-10-19 20:54:44,050 - app.logger - INFO - [client:12] - MongoDB client initialized.
2025-10-19 20:57:55,512 - app.logger - INFO - [model_loader:16] - Together AI client initialized successfully.
2025-10-20 00:02:08,095 - app.logger - INFO - [client:10] - Connecting to MongoDB at mongodb+srv://chauhanrohan223_db_user:BnyXyZbWuSWclMzy@cluster0.lpirzsb.mongodb.net/?retryWrites=true&w=majority&appName=Cluster0...
2025-10-20 00:02:08,103 - app.logger - INFO - [client:12] - MongoDB client initialized.
2025-10-20 20:59:14,994 - app.logger - INFO - [client:50] - Connecting to MongoDB at mongodb://localhost:27017/...
2025-10-20 20:59:15,064 - app.logger - INFO - [client:55] - MongoDB client initialized.
2025-10-20 21:01:33,974 - app.logger - INFO - [client:50] - Connecting to MongoDB at mongodb://localhost:27017/...
2025-10-20 21:01:33,992 - app.logger - INFO - [client:55] - MongoDB client initialized.
2025-10-20 21:01:48,941 - app.logger - INFO - [client:67] - MongoDB connection closed.
2025-10-20 21:01:53,759 - app.logger - INFO - [client:50] - Connecting to MongoDB at mongodb://localhost:27017/...
2025-10-20 21:01:53,777 - app.logger - INFO - [client:55] - MongoDB client initialized.
2025-10-20 21:02:41,929 - app.logger - INFO - [client:67] - MongoDB connection closed.
2025-10-20 21:02:47,142 - app.logger - INFO - [client:50] - Connecting to MongoDB at mongodb://localhost:27017/...
2025-10-20 21:02:47,199 - app.logger - INFO - [client:55] - MongoDB client initialized.
2025-10-20 21:02:51,420 - app.logger - INFO - [client:50] - Connecting to MongoDB at mongodb://localhost:27017/...
2025-10-20 21:02:51,433 - app.logger - INFO - [client:55] - MongoDB client initialized.
2025-10-20 21:13:19,620 - app.logger - INFO - [client:67] - MongoDB connection closed.
2025-10-20 21:13:24,825 - app.logger - INFO - [client:50] - Connecting to MongoDB at mongodb://localhost:27017/...
2025-10-20 21:13:24,856 - app.logger - INFO - [client:55] - MongoDB client initialized.
2025-10-20 21:13:25,088 - app.logger - INFO - [client:67] - MongoDB connection closed.
2025-10-20 21:13:28,192 - app.logger - INFO - [client:50] - Connecting to MongoDB at mongodb://localhost:27017/...
2025-10-20 21:13:28,202 - app.logger - INFO - [client:55] - MongoDB client initialized.
2025-10-20 21:14:09,871 - app.logger - INFO - [client:67] - MongoDB connection closed.
2025-10-20 21:14:13,530 - app.logger - INFO - [client:50] - Connecting to MongoDB at mongodb://localhost:27017/...
2025-10-20 21:14:13,553 - app.logger - INFO - [client:55] - MongoDB client initialized.
2025-10-20 21:14:14,624 - app.logger - INFO - [client:67] - MongoDB connection closed.
2025-10-20 21:14:18,382 - app.logger - INFO - [client:50] - Connecting to MongoDB at mongodb://localhost:27017/...
2025-10-20 21:14:18,393 - app.logger - INFO - [client:55] - MongoDB client initialized.
2025-10-20 21:14:36,568 - app.logger - INFO - [client:67] - MongoDB connection closed.
2025-10-20 21:14:39,996 - app.logger - INFO - [client:50] - Connecting to MongoDB at mongodb://localhost:27017/...
2025-10-20 21:14:40,013 - app.logger - INFO - [client:55] - MongoDB client initialized.
2025-10-20 21:14:40,138 - app.logger - INFO - [client:67] - MongoDB connection closed.
2025-10-20 21:14:43,215 - app.logger - INFO - [client:50] - Connecting to MongoDB at mongodb://localhost:27017/...
2025-10-20 21:14:43,229 - app.logger - INFO - [client:55] - MongoDB client initialized.
2025-10-20 21:15:47,878 - app.logger - INFO - [client:67] - MongoDB connection closed.
2025-10-20 21:15:52,194 - app.logger - INFO - [client:50] - Connecting to MongoDB at mongodb://localhost:27017/...
2025-10-20 21:15:52,209 - app.logger - INFO - [client:55] - MongoDB client initialized.
2025-10-20 21:16:44,525 - app.logger - INFO - [client:67] - MongoDB connection closed.
2025-10-20 21:16:47,911 - app.logger - INFO - [client:50] - Connecting to MongoDB at mongodb://localhost:27017/...
2025-10-20 21:16:47,929 - app.logger - INFO - [client:55] - MongoDB client initialized.
2025-10-20 21:16:48,816 - app.logger - INFO - [client:67] - MongoDB connection closed.
2025-10-20 21:16:52,742 - app.logger - INFO - [client:50] - Connecting to MongoDB at mongodb://localhost:27017/...
2025-10-20 21:16:52,755 - app.logger - INFO - [client:55] - MongoDB client initialized.
2025-10-20 21:19:30,847 - app.logger - INFO - [client:67] - MongoDB connection closed.
2025-10-20 21:19:35,868 - app.logger - INFO - [client:50] - Connecting to MongoDB at mongodb://localhost:27017/...
2025-10-20 21:19:35,898 - app.logger - INFO - [client:55] - MongoDB client initialized.
2025-10-20 21:22:01,567 - app.logger - INFO - [client:67] - MongoDB connection closed.
2025-10-20 21:22:09,229 - app.logger - INFO - [client:50] - Connecting to MongoDB at mongodb://localhost:27017/...
2025-10-20 21:22:09,242 - app.logger - INFO - [client:55] - MongoDB client initialized.
2025-10-20 21:25:02,946 - app.logger - INFO - [client:67] - MongoDB connection closed.
2025-10-20 21:25:07,107 - app.logger - INFO - [client:50] - Connecting to MongoDB at mongodb://localhost:27017/...
2025-10-20 21:25:07,124 - app.logger - INFO - [client:55] - MongoDB client initialized.
2025-10-20 21:25:10,021 - app.logger - INFO - [client:67] - MongoDB connection closed.
2025-10-20 21:25:13,624 - app.logger - INFO - [client:50] - Connecting to MongoDB at mongodb://localhost:27017/...
2025-10-20 21:25:13,638 - app.logger - INFO - [client:55] - MongoDB client initialized.
2025-10-20 21:28:57,101 - app.logger - INFO - [client:67] - MongoDB connection closed.
2025-10-20 21:29:01,830 - app.logger - INFO - [client:50] - Connecting to MongoDB at mongodb://localhost:27017/...
2025-10-20 21:29:01,842 - app.logger - INFO - [client:55] - MongoDB client initialized.
2025-10-20 21:34:50,250 - app.logger - INFO - [client:67] - MongoDB connection closed.
2025-10-20 21:34:55,765 - app.logger - INFO - [client:50] - Connecting to MongoDB at mongodb://localhost:27017/...
2025-10-20 21:34:55,787 - app.logger - INFO - [client:55] - MongoDB client initialized.
2025-10-20 21:34:55,969 - app.logger - INFO - [client:67] - MongoDB connection closed.
2025-10-20 21:34:59,520 - app.logger - INFO - [client:50] - Connecting to MongoDB at mongodb://localhost:27017/...
2025-10-20 21:34:59,531 - app.logger - INFO - [client:55] - MongoDB client initialized.
2025-10-20 21:37:22,998 - app.logger - INFO - [client:67] - MongoDB connection closed.
2025-10-20 21:37:29,246 - app.logger - INFO - [client:50] - Connecting to MongoDB at mongodb://localhost:27017/...
2025-10-20 21:37:29,257 - app.logger - INFO - [client:55] - MongoDB client initialized.
2025-10-20 21:37:29,411 - app.logger - INFO - [client:67] - MongoDB connection closed.
2025-10-20 21:37:32,442 - app.logger - INFO - [client:50] - Connecting to MongoDB at mongodb://localhost:27017/...
2025-10-20 21:37:32,454 - app.logger - INFO - [client:55] - MongoDB client initialized.
2025-10-20 21:37:52,650 - app.logger - INFO - [client:67] - MongoDB connection closed.
2025-10-20 21:37:57,732 - app.logger - INFO - [client:50] - Connecting to MongoDB at mongodb://localhost:27017/...
2025-10-20 21:37:57,746 - app.logger - INFO - [client:55] - MongoDB client initialized.
2025-10-20 21:37:57,842 - app.logger - INFO - [client:67] - MongoDB connection closed.
2025-10-20 21:38:01,050 - app.logger - INFO - [client:50] - Connecting to MongoDB at mongodb://localhost:27017/...
2025-10-20 21:38:01,063 - app.logger - INFO - [client:55] - MongoDB client initialized.
2025-10-20 21:38:09,670 - app.logger - INFO - [client:67] - MongoDB connection closed.
2025-10-20 21:38:12,905 - app.logger - INFO - [client:50] - Connecting to MongoDB at mongodb://localhost:27017/...
2025-10-20 21:38:12,917 - app.logger - INFO - [client:55] - MongoDB client initialized.
2025-10-20 21:38:16,443 - app.logger - INFO - [client:67] - MongoDB connection closed.
2025-10-20 21:38:19,776 - app.logger - INFO - [client:50] - Connecting to MongoDB at mongodb://localhost:27017/...
2025-10-20 21:38:19,787 - app.logger - INFO - [client:55] - MongoDB client initialized.
2025-10-20 21:38:28,257 - app.logger - INFO - [client:67] - MongoDB connection closed.
2025-10-20 21:38:31,222 - app.logger - INFO - [client:50] - Connecting to MongoDB at mongodb://localhost:27017/...
2025-10-20 21:38:31,232 - app.logger - INFO - [client:55] - MongoDB client initialized.
2025-10-20 21:38:33,798 - app.logger - INFO - [client:67] - MongoDB connection closed.
2025-10-20 21:38:37,386 - app.logger - INFO - [client:50] - Connecting to MongoDB at mongodb://localhost:27017/...
2025-10-20 21:38:37,401 - app.logger - INFO - [client:55] - MongoDB client initialized.
2025-10-20 21:38:38,248 - app.logger - INFO - [client:67] - MongoDB connection closed.
2025-10-20 21:38:42,308 - app.logger - INFO - [client:50] - Connecting to MongoDB at mongodb://localhost:27017/...
2025-10-20 21:38:42,323 - app.logger - INFO - [client:55] - MongoDB client initialized.
2025-10-20 21:38:42,431 - app.logger - INFO - [client:67] - MongoDB connection closed.
2025-10-20 21:38:46,614 - app.logger - INFO - [client:50] - Connecting to MongoDB at mongodb://localhost:27017/...
2025-10-20 21:38:46,629 - app.logger - INFO - [client:55] - MongoDB client initialized.
2025-10-20 21:38:46,719 - app.logger - INFO - [client:67] - MongoDB connection closed.
2025-10-20 21:38:50,862 - app.logger - INFO - [client:50] - Connecting to MongoDB at mongodb://localhost:27017/...
2025-10-20 21:38:50,881 - app.logger - INFO - [client:55] - MongoDB client initialized.
2025-10-20 21:39:14,057 - app.logger - INFO - [client:67] - MongoDB connection closed.
2025-10-20 21:39:17,667 - app.logger - INFO - [client:50] - Connecting to MongoDB at mongodb://localhost:27017/...
2025-10-20 21:39:17,677 - app.logger - INFO - [client:55] - MongoDB client initialized.
2025-10-20 21:39:17,757 - app.logger - INFO - [client:67] - MongoDB connection closed.
2025-10-20 21:39:21,588 - app.logger - INFO - [client:50] - Connecting to MongoDB at mongodb://localhost:27017/...
2025-10-20 21:39:21,599 - app.logger - INFO - [client:55] - MongoDB client initialized.
2025-10-20 21:42:29,807 - app.logger - INFO - [client:67] - MongoDB connection closed.
2025-10-20 21:42:36,103 - app.logger - INFO - [client:50] - Connecting to MongoDB at mongodb://localhost:27017/...
2025-10-20 21:42:36,117 - app.logger - INFO - [client:55] - MongoDB client initialized.
2025-10-20 21:42:36,429 - app.logger - INFO - [client:67] - MongoDB connection closed.
2025-10-20 21:42:40,600 - app.logger - INFO - [client:50] - Connecting to MongoDB at mongodb://localhost:27017/...
2025-10-20 21:42:40,611 - app.logger - INFO - [client:55] - MongoDB client initialized.
2025-10-20 21:42:40,699 - app.logger - INFO - [client:67] - MongoDB connection closed.
2025-10-20 21:42:44,363 - app.logger - INFO - [client:50] - Connecting to MongoDB at mongodb://localhost:27017/...
2025-10-20 21:42:44,373 - app.logger - INFO - [client:55] - MongoDB client initialized.
2025-10-20 21:42:48,744 - app.logger - INFO - [client:67] - MongoDB connection closed.
2025-10-20 21:42:52,451 - app.logger - INFO - [client:50] - Connecting to MongoDB at mongodb://localhost:27017/...
2025-10-20 21:42:52,463 - app.logger - INFO - [client:55] - MongoDB client initialized.
2025-10-20 21:43:56,091 - app.logger - INFO - [client:67] - MongoDB connection closed.
2025-10-20 21:44:01,701 - app.logger - INFO - [client:50] - Connecting to MongoDB at mongodb://localhost:27017/...
2025-10-20 21:44:01,720 - app.logger - INFO - [client:55] - MongoDB client initialized.
2025-10-20 21:44:02,120 - app.logger - INFO - [client:67] - MongoDB connection closed.
2025-10-20 21:44:05,210 - app.logger - INFO - [client:50] - Connecting to MongoDB at mongodb://localhost:27017/...
2025-10-20 21:44:05,221 - app.logger - INFO - [client:55] - MongoDB client initialized.
2025-10-20 21:44:05,300 - app.logger - INFO - [client:67] - MongoDB connection closed.
2025-10-20 21:44:08,394 - app.logger - INFO - [client:50] - Connecting to MongoDB at mongodb://localhost:27017/...
2025-10-20 21:44:08,404 - app.logger - INFO - [client:55] - MongoDB client initialized.
2025-10-20 21:44:11,388 - app.logger - INFO - [client:67] - MongoDB connection closed.
2025-10-20 21:44:15,036 - app.logger - INFO - [client:50] - Connecting to MongoDB at mongodb://localhost:27017/...
2025-10-20 21:44:15,055 - app.logger - INFO - [client:55] - MongoDB client initialized.
2025-10-20 21:45:41,966 - app.logger - INFO - [client:67] - MongoDB connection closed.
2025-10-20 21:45:48,083 - app.logger - INFO - [client:50] - Connecting to MongoDB at mongodb://localhost:27017/...
2025-10-20 21:45:48,096 - app.logger - INFO - [client:55] - MongoDB client initialized.
2025-10-20 21:45:48,278 - app.logger - INFO - [client:67] - MongoDB connection closed.
2025-10-20 21:45:52,628 - app.logger - INFO - [client:50] - Connecting to MongoDB at mongodb://localhost:27017/...
2025-10-20 21:45:52,638 - app.logger - INFO - [client:55] - MongoDB client initialized.
2025-10-20 21:46:08,307 - app.logger - INFO - [client:67] - MongoDB connection closed.
2025-10-20 21:46:12,081 - app.logger - INFO - [client:50] - Connecting to MongoDB at mongodb://localhost:27017/...
2025-10-20 21:46:12,092 - app.logger - INFO - [client:55] - MongoDB client initialized.
2025-10-20 21:46:15,095 - app.logger - INFO - [client:67] - MongoDB connection closed.
2025-10-20 21:46:18,573 - app.logger - INFO - [client:50] - Connecting to MongoDB at mongodb://localhost:27017/...
2025-10-20 21:46:18,584 - app.logger - INFO - [client:55] - MongoDB client initialized.
2025-10-20 21:48:11,993 - app.logger - INFO - [client:67] - MongoDB connection closed.
2025-10-20 21:48:16,190 - app.logger - INFO - [client:50] - Connecting to MongoDB at mongodb://localhost:27017/...
2025-10-20 21:48:16,204 - app.logger - INFO - [client:55] - MongoDB client initialized.
2025-10-20 21:49:24,907 - app.logger - INFO - [client:67] - MongoDB connection closed.
2025-10-20 21:49:30,456 - app.logger - INFO - [client:50] - Connecting to MongoDB at mongodb://localhost:27017/...
2025-10-20 21:49:30,479 - app.logger - INFO - [client:55] - MongoDB client initialized.
2025-10-20 23:16:54,726 - app.logger - INFO - [client:67] - MongoDB connection closed.
2025-10-20 23:17:00,417 - app.logger - INFO - [client:50] - Connecting to MongoDB at mongodb://localhost:27017/...
2025-10-20 23:17:00,443 - app.logger - INFO - [client:55] - MongoDB client initialized.
2025-10-20 23:17:25,885 - app.logger - INFO - [client:67] - MongoDB connection closed.
2025-11-06 18:08:37,210 - backend.app.logger - INFO - [client:50] - Connecting to MongoDB at mongodb://localhost:27017/...
2025-11-06 18:08:37,341 - backend.app.logger - INFO - [client:55] - MongoDB client initialized.
2025-11-06 18:08:37,554 - backend.app.logger - INFO - [client:67] - MongoDB connection closed.
2025-11-06 18:08:40,888 - backend.app.logger - INFO - [client:50] - Connecting to MongoDB at mongodb://localhost:27017/...
2025-11-06 18:08:40,911 - backend.app.logger - INFO - [client:55] - MongoDB client initialized.
2025-11-06 18:09:31,690 - backend.app.logger - INFO - [client:67] - MongoDB connection closed.
